<?xml version="1.0" encoding="UTF-8"?>
<!-- Generated by org.testng.reporters.JUnitReportReporter -->
<testsuite hostname="DESKTOP-BR99C0F" failures="0" tests="3" name="com.OrangeHRM.LeaveMenu" time="10.809" errors="0" timestamp="2024-02-19T18:59:47 IST" skipped="0">
  <testcase classname="com.OrangeHRM.LeaveMenu" name="orangeHRMLeave" time="2.290"/>
  <testcase classname="com.OrangeHRM.LeaveMenu" name="selectMonth" time="3.866"/>
  <testcase classname="com.OrangeHRM.LeaveMenu" name="loginFunctionalityTest" time="4.653"/>
</testsuite> <!-- com.OrangeHRM.LeaveMenu -->
