<?xml version="1.0" encoding="UTF-8"?>
<!-- Generated by org.testng.reporters.JUnitReportReporter -->
<testsuite hostname="DESKTOP-BR99C0F" failures="0" tests="7" name="com.OrangeHRM.OrangeHRMPersonalDetailsPageTest" time="13.243" errors="0" timestamp="2024-02-19T13:59:37 IST" skipped="0">
  <testcase classname="com.OrangeHRM.OrangeHRMPersonalDetailsPageTest" name="loginFunctionalityTest" time="2.730"/>
  <testcase classname="com.OrangeHRM.OrangeHRMPersonalDetailsPageTest" name="pimMenuTest" time="0.330"/>
  <testcase classname="com.OrangeHRM.OrangeHRMPersonalDetailsPageTest" name="addEmployeeClickValidationTest" time="0.914"/>
  <testcase classname="com.OrangeHRM.OrangeHRMPersonalDetailsPageTest" name="addingNewEmployeeTest" time="7.721"/>
  <testcase classname="com.OrangeHRM.OrangeHRMPersonalDetailsPageTest" name="personalDetailsPageValidationTest" time="0.127"/>
  <testcase classname="com.OrangeHRM.OrangeHRMPersonalDetailsPageTest" name="personalDetailsValidationTest" time="0.234"/>
  <testcase classname="com.OrangeHRM.OrangeHRMPersonalDetailsPageTest" name="logOutTest" time="1.187"/>
</testsuite> <!-- com.OrangeHRM.OrangeHRMPersonalDetailsPageTest -->
