<?xml version="1.0" encoding="UTF-8"?>
<!-- Generated by org.testng.reporters.JUnitReportReporter -->
<testsuite hostname="DESKTOP-BR99C0F" failures="0" tests="2" name="com.LoginFunctionality.LoginFunctionalityTest_MultipleData" time="10.989" errors="0" timestamp="2023-10-30T10:15:08 IST" skipped="0">
  <testcase classname="com.LoginFunctionality.LoginFunctionalityTest_MultipleData" name="loginPageValidationTest" time="0.281"/>
  <testcase classname="com.LoginFunctionality.LoginFunctionalityTest_MultipleData" name="loginFunctionalityTest" time="10.708"/>
</testsuite> <!-- com.LoginFunctionality.LoginFunctionalityTest_MultipleData -->
