<?xml version="1.0" encoding="UTF-8"?>
<!-- Generated by org.testng.reporters.JUnitReportReporter -->
<testsuite hostname="DESKTOP-BR99C0F" failures="0" tests="2" name="com.LoginFunctionality.LoginFunctionalityTest_SingleData" time="4.446" errors="0" timestamp="2023-11-01T11:52:01 IST" skipped="0">
  <testcase classname="com.LoginFunctionality.LoginFunctionalityTest_SingleData" name="loginTest" time="3.945"/>
  <testcase classname="com.LoginFunctionality.LoginFunctionalityTest_SingleData" name="loginFunctionalityValidationTest" time="0.501"/>
</testsuite> <!-- com.LoginFunctionality.LoginFunctionalityTest_SingleData -->
