<?xml version="1.0" encoding="UTF-8"?>
<!-- Generated by org.testng.reporters.JUnitReportReporter -->
<testsuite hostname="DESKTOP-BR99C0F" failures="0" tests="1" name="com.BaseTest.BaseTest" time="0.012" errors="0" timestamp="2024-02-14T16:16:31 IST" skipped="0">
  <testcase classname="com.BaseTest.BaseTest" name="test" time="0.012"/>
</testsuite> <!-- com.BaseTest.BaseTest -->
