<?xml version="1.0" encoding="UTF-8"?>
<!-- Generated by org.testng.reporters.JUnitReportReporter -->
<testsuite hostname="DESKTOP-BR99C0F" failures="0" tests="4" name="com.OrangeHRM.EmployeeListTest" time="5.492" errors="0" timestamp="2024-02-19T14:25:51 IST" skipped="0">
  <testcase classname="com.OrangeHRM.EmployeeListTest" name="loginFunctionalityTest" time="2.372"/>
  <testcase classname="com.OrangeHRM.EmployeeListTest" name="pimMenuTest" time="0.216"/>
  <testcase classname="com.OrangeHRM.EmployeeListTest" name="employeeListClickTest" time="1.395"/>
  <testcase classname="com.OrangeHRM.EmployeeListTest" name="employeeListValidationTest" time="1.509"/>
</testsuite> <!-- com.OrangeHRM.EmployeeListTest -->
