<?xml version="1.0" encoding="UTF-8"?>
<!-- Generated by org.testng.reporters.JUnitReportReporter -->
<testsuite hostname="DESKTOP-BR99C0F" failures="0" tests="6" name="com.OrangeHRM.OrangeHRMAddEmployeeTest" time="14.074" errors="0" timestamp="2024-02-17T15:07:59 IST" skipped="0">
  <testcase classname="com.OrangeHRM.OrangeHRMAddEmployeeTest" name="loginFunctionalityTest" time="3.094"/>
  <testcase classname="com.OrangeHRM.OrangeHRMAddEmployeeTest" name="homePageValidationTest" time="0.304"/>
  <testcase classname="com.OrangeHRM.OrangeHRMAddEmployeeTest" name="pimMenuTest" time="0.232"/>
  <testcase classname="com.OrangeHRM.OrangeHRMAddEmployeeTest" name="addEmployeeValidationTest" time="1.221"/>
  <testcase classname="com.OrangeHRM.OrangeHRMAddEmployeeTest" name="addingNewEmployeeTest" time="9.034"/>
  <testcase classname="com.OrangeHRM.OrangeHRMAddEmployeeTest" name="personalDetailsPageValidationTest" time="0.189"/>
</testsuite> <!-- com.OrangeHRM.OrangeHRMAddEmployeeTest -->
