<?xml version="1.0" encoding="UTF-8"?>
<!-- Generated by org.testng.reporters.JUnitReportReporter -->
<testsuite hostname="DESKTOP-BR99C0F" failures="0" tests="3" name="com.OrangeHRM.OrangeHRMFunctionalityTest" time="5.701" errors="0" timestamp="2024-02-14T16:17:59 IST" skipped="0">
  <testcase classname="com.OrangeHRM.OrangeHRMFunctionalityTest" name="loginPageValidatonTest" time="0.567"/>
  <testcase classname="com.OrangeHRM.OrangeHRMFunctionalityTest" name="loginFunctionalityTest" time="3.102"/>
  <testcase classname="com.OrangeHRM.OrangeHRMFunctionalityTest" name="homePageValidationTest" time="2.032"/>
</testsuite> <!-- com.OrangeHRM.OrangeHRMFunctionalityTest -->
