<?xml version="1.0" encoding="UTF-8"?>
<!-- Generated by org.testng.reporters.JUnitReportReporter -->
<testsuite hostname="DESKTOP-BR99C0F" failures="0" tests="1" name="com.BaseTest.BasicTest" time="0.033" errors="0" timestamp="2023-10-01T03:44:03 IST" skipped="0">
  <testcase classname="com.BaseTest.BasicTest" name="test" time="0.033"/>
</testsuite> <!-- com.BaseTest.BasicTest -->
