<?xml version="1.0" encoding="UTF-8"?>
<!-- Generated by org.testng.reporters.JUnitReportReporter -->
<testsuite hostname="DESKTOP-BR99C0F" failures="0" tests="3" name="com.OrangeHRM.OrangeHRMLoginFunctionalityTest" time="5.171" errors="0" timestamp="2024-02-17T15:05:28 IST" skipped="0">
  <testcase classname="com.OrangeHRM.OrangeHRMLoginFunctionalityTest" name="loginPageValidatonTest" time="0.336"/>
  <testcase classname="com.OrangeHRM.OrangeHRMLoginFunctionalityTest" name="loginFunctionalityTest" time="3.048"/>
  <testcase classname="com.OrangeHRM.OrangeHRMLoginFunctionalityTest" name="homePageValidationTest" time="1.787"/>
</testsuite> <!-- com.OrangeHRM.OrangeHRMLoginFunctionalityTest -->
